SF:lib\data\datasources\tv_local_data_source.dart
DA:15,1
DA:17,1
DA:20,2
DA:23,2
DA:27,1
DA:30,2
DA:33,2
DA:37,1
DA:39,2
DA:41,1
DA:47,1
DA:49,2
DA:50,4
LF:13
LH:13
end_of_record
SF:lib\data\datasources\tv_remote_data_source.dart
DA:26,1
DA:28,1
DA:30,4
DA:32,2
DA:33,3
DA:35,1
DA:39,1
DA:42,4
DA:44,2
DA:45,4
DA:47,1
DA:51,1
DA:54,4
DA:56,2
DA:57,4
DA:59,1
DA:63,1
DA:65,1
DA:66,3
DA:68,2
DA:69,4
DA:71,1
DA:75,1
DA:78,4
DA:80,2
DA:81,4
DA:83,1
DA:87,1
DA:89,1
DA:90,3
DA:92,2
DA:93,4
DA:95,1
DA:99,0
DA:102,0
DA:103,0
DA:105,0
DA:106,0
DA:108,0
LF:39
LH:33
end_of_record
SF:lib\data\models\episode_model.dart
DA:5,2
DA:17,2
DA:18,1
DA:19,1
DA:20,1
DA:21,1
DA:24,2
DA:25,1
DA:26,1
DA:27,1
DA:28,1
DA:31,1
DA:32,1
DA:33,1
DA:34,1
DA:35,1
DA:36,1
DA:40,1
DA:41,1
DA:42,1
DA:43,1
DA:44,1
DA:45,1
LF:23
LH:23
end_of_record
SF:lib\data\models\tv_model.dart
DA:5,4
DA:35,4
DA:36,2
DA:37,8
DA:38,8
DA:39,2
DA:40,2
DA:41,2
DA:42,2
DA:43,4
DA:44,2
DA:45,2
DA:46,4
DA:47,2
DA:48,2
DA:51,2
DA:52,1
DA:53,4
DA:54,4
DA:55,1
DA:56,1
DA:57,1
DA:58,1
DA:59,1
DA:60,1
DA:61,1
DA:62,1
DA:63,1
DA:64,1
DA:67,2
DA:68,2
DA:69,2
DA:70,2
DA:71,2
DA:72,2
DA:73,2
DA:74,2
DA:75,2
DA:76,2
DA:77,2
DA:78,2
DA:79,2
DA:80,2
DA:81,2
DA:85,2
DA:86,2
DA:87,2
DA:88,2
DA:89,2
DA:90,2
DA:91,2
DA:92,2
DA:93,2
DA:94,2
DA:95,2
DA:96,2
DA:97,2
DA:98,2
DA:99,2
LF:59
LH:59
end_of_record
SF:lib\data\models\tv_series_detail_model.dart
DA:7,2
DA:27,1
DA:28,1
DA:29,1
DA:30,4
DA:31,1
DA:32,4
DA:33,1
DA:34,1
DA:35,1
DA:36,4
DA:37,1
DA:38,2
DA:41,1
DA:42,1
DA:43,5
DA:44,5
DA:45,1
DA:46,1
DA:47,1
DA:48,1
DA:49,1
DA:50,1
DA:54,1
DA:55,1
DA:56,1
DA:57,1
DA:58,1
DA:59,1
DA:60,1
DA:61,1
DA:62,1
DA:63,1
LF:33
LH:33
end_of_record
SF:lib\data\models\tv_table.dart
DA:11,2
DA:18,2
DA:19,1
DA:20,1
DA:21,1
DA:22,1
DA:25,2
DA:26,1
DA:27,1
DA:28,1
DA:29,1
DA:32,0
DA:33,0
DA:34,0
DA:35,0
DA:36,0
DA:39,2
DA:40,1
DA:41,1
DA:42,1
DA:43,1
DA:46,2
DA:47,2
DA:48,2
DA:49,2
DA:50,2
DA:51,2
LF:27
LH:22
end_of_record
SF:lib\domain\entities\episode.dart
DA:4,3
DA:16,2
DA:17,2
DA:18,2
DA:19,2
DA:20,2
DA:21,2
LF:7
LH:7
end_of_record
SF:lib\domain\entities\tv.dart
DA:4,9
DA:20,1
DA:41,7
DA:42,7
DA:43,7
DA:44,7
DA:45,7
DA:46,7
DA:47,7
DA:48,7
DA:49,7
DA:50,7
DA:51,7
DA:52,7
DA:53,7
DA:54,7
DA:55,7
LF:17
LH:17
end_of_record
SF:lib\domain\entities\tv_detail.dart
DA:6,7
DA:26,2
DA:27,2
DA:28,2
DA:29,2
DA:30,2
DA:31,2
DA:32,2
DA:33,2
DA:34,2
DA:35,2
LF:11
LH:11
end_of_record
SF:lib\domain\entities\season.dart
DA:4,7
DA:10,2
DA:11,2
DA:12,2
LF:4
LH:4
end_of_record
SF:lib\data\models\episode_response.dart
DA:5,1
DA:11,1
DA:12,1
DA:13,1
DA:14,4
DA:17,2
DA:18,5
DA:21,1
DA:22,2
LF:9
LH:9
end_of_record
SF:lib\data\models\tv_response.dart
DA:7,2
DA:9,4
DA:10,4
DA:11,6
DA:12,6
DA:15,2
DA:16,5
DA:19,1
DA:20,2
LF:9
LH:9
end_of_record
SF:lib\data\models\season_model.dart
DA:5,2
DA:11,2
DA:12,1
DA:15,0
DA:16,0
DA:19,1
DA:20,1
DA:21,1
DA:25,1
DA:26,1
DA:27,1
LF:11
LH:9
end_of_record
SF:lib\data\repositories\tv_repository_impl.dart
DA:18,1
DA:23,1
DA:26,2
DA:27,5
DA:28,1
DA:29,2
DA:30,1
DA:31,2
DA:32,0
DA:33,0
DA:35,0
DA:39,1
DA:42,2
DA:43,2
DA:44,1
DA:45,2
DA:46,1
DA:47,2
DA:48,0
DA:49,0
DA:51,0
DA:55,1
DA:58,2
DA:59,5
DA:60,1
DA:61,2
DA:62,1
DA:63,2
DA:64,0
DA:65,0
DA:67,0
DA:71,1
DA:74,2
DA:75,3
DA:76,1
DA:77,2
DA:78,1
DA:79,2
DA:80,0
DA:81,0
DA:83,0
DA:87,1
DA:92,2
DA:93,3
DA:94,1
DA:95,2
DA:96,1
DA:97,2
DA:98,0
DA:99,0
DA:101,0
DA:105,1
DA:108,2
DA:109,5
DA:110,1
DA:111,2
DA:112,1
DA:113,2
DA:114,0
DA:115,0
DA:117,0
DA:121,1
DA:124,2
DA:125,5
DA:126,1
DA:127,2
DA:128,1
DA:129,2
DA:130,0
DA:131,0
DA:133,0
DA:137,1
DA:141,3
DA:142,1
DA:143,1
DA:144,3
DA:150,1
DA:154,3
DA:155,1
DA:156,1
DA:157,3
DA:161,1
DA:163,2
DA:167,1
DA:169,2
DA:170,5
LF:86
LH:65
end_of_record
SF:lib\domain\usecases\get_airing_today_tv_series.dart
DA:9,1
DA:11,1
DA:12,2
LF:3
LH:3
end_of_record
SF:lib\domain\usecases\get_episodes.dart
DA:9,1
DA:11,1
DA:12,2
LF:3
LH:3
end_of_record
SF:lib\domain\usecases\get_popular_tv.dart
DA:9,1
DA:11,1
DA:12,2
LF:3
LH:3
end_of_record
SF:lib\domain\usecases\get_top_rated_tv_series.dart
DA:9,1
DA:11,1
DA:12,2
LF:3
LH:3
end_of_record
SF:lib\domain\usecases\get_tv_series_detail.dart
DA:9,1
DA:11,1
DA:12,2
LF:3
LH:3
end_of_record
SF:lib\domain\usecases\get_tv_series_recommendations.dart
DA:9,1
DA:11,1
DA:12,2
LF:3
LH:3
end_of_record
SF:lib\domain\usecases\get_watchlist_tv_series_status.dart
DA:6,1
DA:8,1
DA:9,2
LF:3
LH:3
end_of_record
SF:lib\domain\usecases\get_watchlist_tv_series.dart
DA:9,1
DA:11,1
DA:12,2
LF:3
LH:3
end_of_record
SF:lib\domain\usecases\remove_watchlist_tv_series.dart
DA:9,1
DA:11,1
DA:12,2
LF:3
LH:3
end_of_record
SF:lib\domain\usecases\save_watchlist_tv_series.dart
DA:9,1
DA:11,1
DA:12,2
LF:3
LH:3
end_of_record
SF:lib\domain\usecases\search_tv_series.dart
DA:9,1
DA:11,1
DA:12,2
LF:3
LH:3
end_of_record
SF:lib\presentation\bloc\airing_today_tv_series_state.dart
DA:4,1
DA:6,1
DA:7,1
DA:17,1
DA:19,1
DA:20,2
DA:26,1
DA:28,1
DA:29,2
LF:9
LH:9
end_of_record
SF:lib\presentation\bloc\airing_today_tv_series_event.dart
DA:4,1
LF:1
LH:1
end_of_record
SF:lib\presentation\bloc\airing_today_tv_series_bloc.dart
DA:13,1
DA:14,2
DA:15,2
DA:16,2
DA:17,2
DA:19,1
DA:20,1
DA:21,3
DA:23,1
DA:24,2
LF:10
LH:10
end_of_record
SF:lib\presentation\bloc\episodes_state.dart
DA:4,2
DA:6,1
DA:7,1
DA:17,1
DA:19,1
DA:20,2
DA:26,2
DA:28,1
DA:29,2
LF:9
LH:9
end_of_record
SF:lib\presentation\bloc\episodes_event.dart
DA:4,2
DA:11,2
LF:2
LH:2
end_of_record
SF:lib\presentation\bloc\episodes_bloc.dart
DA:12,3
DA:13,2
DA:14,1
DA:15,1
DA:17,2
DA:18,2
DA:22,2
DA:23,3
DA:24,1
DA:25,2
LF:10
LH:10
end_of_record
SF:lib\presentation\bloc\popular_tv_series_state.dart
DA:4,2
DA:6,1
DA:7,1
DA:17,2
DA:19,1
DA:20,2
DA:26,2
DA:28,1
DA:29,2
LF:9
LH:9
end_of_record
SF:lib\presentation\bloc\popular_tv_series_bloc.dart
DA:12,3
DA:13,2
DA:14,2
DA:15,2
DA:17,1
DA:18,1
DA:19,3
DA:21,1
DA:22,2
LF:9
LH:9
end_of_record
SF:lib\presentation\bloc\popular_tv_series_event.dart
DA:4,2
LF:1
LH:1
end_of_record
SF:lib\presentation\bloc\selected_season_state.dart
DA:4,2
DA:6,1
DA:7,1
DA:15,2
DA:17,1
DA:18,2
LF:6
LH:6
end_of_record
SF:lib\presentation\bloc\selected_season_event.dart
DA:4,2
DA:10,2
LF:2
LH:2
end_of_record
SF:lib\presentation\bloc\selected_season_bloc.dart
DA:9,3
DA:10,2
DA:11,1
DA:12,2
DA:16,2
DA:17,2
LF:6
LH:6
end_of_record
SF:lib\presentation\bloc\top_rated_tv_series_event.dart
DA:4,1
LF:1
LH:1
end_of_record
SF:lib\presentation\bloc\top_rated_tv_series_bloc.dart
DA:13,1
DA:14,2
DA:15,2
DA:16,2
DA:17,2
DA:19,1
DA:20,1
DA:21,3
DA:23,1
DA:24,2
LF:10
LH:10
end_of_record
SF:lib\presentation\bloc\top_rated_tv_series_state.dart
DA:4,1
DA:6,1
DA:7,1
DA:17,1
DA:19,1
DA:20,2
DA:26,1
DA:28,1
DA:29,2
LF:9
LH:9
end_of_record
SF:lib\presentation\bloc\tv_series_detail_event.dart
DA:4,2
DA:10,2
LF:2
LH:2
end_of_record
SF:lib\presentation\bloc\tv_series_detail_state.dart
DA:4,2
DA:6,1
DA:7,1
DA:17,1
DA:19,1
DA:20,2
DA:26,2
DA:28,1
DA:29,2
LF:9
LH:9
end_of_record
SF:lib\presentation\bloc\tv_series_detail_bloc.dart
DA:13,3
DA:14,2
DA:15,1
DA:17,2
DA:18,2
DA:20,1
DA:21,1
DA:22,3
DA:24,1
DA:25,2
LF:10
LH:10
end_of_record
SF:lib\presentation\bloc\tv_series_recommendations_state.dart
DA:4,2
DA:6,1
DA:7,1
DA:17,1
DA:19,1
DA:20,2
DA:26,2
DA:28,1
DA:29,2
LF:9
LH:9
end_of_record
SF:lib\presentation\bloc\tv_series_recommendations_bloc.dart
DA:13,1
DA:14,2
DA:15,2
DA:16,1
DA:18,2
DA:19,2
DA:21,1
DA:22,1
DA:23,3
DA:25,1
DA:26,2
LF:11
LH:11
end_of_record
SF:lib\presentation\bloc\tv_series_recommendations_event.dart
DA:4,2
DA:10,2
LF:2
LH:2
end_of_record
SF:lib\presentation\bloc\tv_series_search_event.dart
DA:4,1
DA:10,1
LF:2
LH:2
end_of_record
SF:lib\presentation\bloc\tv_series_search_state.dart
DA:4,1
DA:6,1
DA:7,1
DA:17,1
DA:19,1
DA:20,2
DA:26,1
DA:28,1
DA:29,2
LF:9
LH:9
end_of_record
SF:lib\presentation\bloc\tv_series_search_bloc.dart
DA:13,3
DA:14,2
DA:15,1
DA:16,2
DA:18,2
DA:19,1
DA:20,1
DA:21,3
DA:23,1
DA:24,2
LF:10
LH:10
end_of_record
SF:lib\presentation\bloc\watchlist_tv_series_event.dart
DA:4,2
DA:10,2
DA:16,1
LF:3
LH:3
end_of_record
SF:lib\presentation\bloc\watchlist_tv_series_state.dart
DA:4,2
DA:6,1
DA:7,1
DA:15,2
DA:17,1
DA:18,2
DA:24,2
DA:26,1
DA:27,2
DA:33,1
DA:35,1
DA:36,2
LF:12
LH:12
end_of_record
SF:lib\presentation\bloc\watchlist_tv_series_bloc.dart
DA:15,1
DA:18,2
DA:19,2
DA:20,1
DA:21,2
DA:22,2
DA:24,1
DA:25,1
DA:26,3
DA:28,1
DA:29,2
DA:34,2
DA:35,1
DA:36,2
DA:37,2
DA:39,1
DA:40,1
DA:41,3
DA:43,1
DA:44,2
LF:20
LH:20
end_of_record
SF:lib\presentation\bloc\watchlist_tv_series_status_bloc.dart
DA:12,1
DA:13,2
DA:14,2
DA:15,1
DA:16,2
DA:17,4
LF:6
LH:6
end_of_record
SF:lib\presentation\bloc\watchlist_tv_series_status_event.dart
DA:4,2
DA:10,2
LF:2
LH:2
end_of_record
SF:lib\presentation\bloc\watchlist_tv_series_status_state.dart
DA:4,2
DA:6,1
DA:7,1
LF:3
LH:3
end_of_record
SF:lib\presentation\pages\popular_tv_series_page.dart
DA:9,1
DA:10,1
DA:14,1
DA:16,1
DA:17,1
DA:18,4
DA:19,1
DA:24,1
DA:26,1
DA:27,1
DA:28,1
DA:30,1
DA:32,1
DA:33,1
DA:34,1
DA:35,1
DA:36,1
DA:38,1
DA:39,1
DA:40,1
DA:41,1
DA:42,1
DA:43,1
DA:45,1
DA:47,1
DA:48,1
DA:49,1
DA:50,2
DA:53,0
LF:29
LH:28
end_of_record
SF:lib\presentation\widgets\tv_series_card_list.dart
DA:10,1
DA:12,1
DA:14,1
DA:16,1
DA:17,1
DA:18,0
DA:19,0
DA:22,0
DA:25,1
DA:27,1
DA:28,1
DA:29,1
DA:35,1
DA:37,1
DA:38,1
DA:39,2
DA:42,1
DA:44,1
DA:45,1
DA:46,2
DA:54,1
DA:59,1
DA:60,1
DA:61,3
DA:63,2
DA:64,1
DA:66,0
DA:68,2
LF:28
LH:24
end_of_record
SF:lib\presentation\pages\tv_series_detail_page.dart
DA:20,1
DA:22,1
DA:23,1
DA:27,1
DA:29,1
DA:30,2
DA:31,6
DA:32,4
DA:33,1
DA:34,1
DA:35,4
DA:36,1
DA:37,1
DA:38,4
DA:42,1
DA:44,1
DA:45,1
DA:46,1
DA:47,1
DA:48,0
DA:49,0
DA:51,1
DA:52,1
DA:53,4
DA:54,2
DA:55,4
DA:57,2
DA:58,1
DA:59,1
DA:60,3
DA:64,1
DA:65,1
DA:69,0
DA:70,0
DA:72,0
DA:83,1
DA:85,1
DA:87,3
DA:88,1
DA:89,1
DA:90,1
DA:91,1
DA:92,4
DA:93,1
DA:94,0
DA:95,0
DA:96,1
DA:97,1
DA:99,1
DA:100,1
DA:101,2
DA:105,0
DA:108,1
DA:109,1
DA:110,1
DA:111,3
DA:113,2
DA:114,1
DA:116,0
DA:118,1
DA:120,1
DA:121,1
DA:122,1
DA:123,1
DA:126,2
DA:133,1
DA:134,1
DA:135,1
DA:137,1
DA:138,1
DA:140,1
DA:142,1
DA:143,1
DA:144,2
DA:145,1
DA:147,1
DA:149,1
DA:150,1
DA:151,1
DA:152,1
DA:153,1
DA:155,0
DA:156,0
DA:158,1
DA:159,3
DA:161,1
DA:162,4
DA:164,1
DA:166,1
DA:167,1
DA:168,1
DA:169,1
DA:170,1
DA:176,1
DA:177,3
DA:179,1
DA:180,4
DA:181,4
DA:184,1
DA:185,1
DA:186,1
DA:187,3
DA:189,2
DA:195,4
DA:198,1
DA:199,1
DA:201,1
DA:203,1
DA:204,3
DA:205,2
DA:208,1
DA:209,1
DA:211,1
DA:213,1
DA:216,1
DA:217,1
DA:219,1
DA:221,4
DA:222,1
DA:224,1
DA:226,1
DA:227,1
DA:228,1
DA:232,4
DA:233,1
DA:234,1
DA:235,1
DA:236,3
DA:238,1
DA:239,0
DA:241,0
DA:243,0
DA:246,0
DA:247,0
DA:248,0
DA:252,0
DA:253,0
DA:255,0
DA:259,0
DA:262,1
DA:263,1
DA:264,1
DA:266,1
DA:268,1
DA:269,1
DA:270,0
DA:271,0
DA:273,1
DA:274,0
DA:275,1
DA:276,1
DA:277,2
DA:280,0
DA:282,1
DA:283,2
DA:289,1
DA:290,1
DA:292,1
DA:294,1
DA:296,1
DA:297,1
DA:298,0
DA:299,0
DA:302,1
DA:303,0
DA:305,1
DA:306,1
DA:308,3
DA:309,0
DA:311,0
DA:313,0
DA:314,0
DA:317,0
DA:318,0
DA:320,0
DA:324,0
DA:327,0
DA:329,0
DA:330,0
DA:332,0
DA:334,0
DA:336,0
DA:337,0
DA:339,0
DA:341,0
DA:343,0
DA:350,0
DA:352,1
DA:355,0
DA:363,1
DA:365,1
DA:378,1
DA:380,1
DA:383,1
DA:384,1
DA:385,0
DA:386,0
DA:396,1
DA:398,2
DA:399,3
DA:402,1
DA:406,3
DA:409,1
DA:410,1
DA:411,1
DA:413,1
DA:414,0
DA:416,1
LF:208
LH:157
end_of_record
SF:lib\presentation\widgets\episode_card_list.dart
DA:9,1
DA:11,1
DA:13,1
DA:14,1
DA:15,1
DA:17,1
DA:18,1
DA:20,0
DA:24,1
DA:26,1
DA:27,1
DA:29,1
DA:30,1
DA:31,1
DA:32,1
DA:34,1
DA:38,2
DA:39,2
DA:40,1
DA:41,2
DA:42,1
DA:44,0
DA:47,1
DA:50,1
DA:51,1
DA:52,1
DA:53,1
DA:54,4
DA:55,1
DA:60,1
DA:61,3
DA:65,1
DA:68,1
DA:69,2
LF:34
LH:32
end_of_record
